[taurine.app/index.html]
[backblue.gif]
[fade.gif]
[index.html]
[taurine.app/assets/images/favicon.png]
[taurine.app/assets/images/icon.png]
[taurine.app/assets/images/manifest.json]
[taurine.app/assets/images/meta.png]
[kit.fontawesome.com/3e816b0875.js]
[taurine.app/assets/css/styles.css]
[cdnjs.cloudflare.com/ajax/libs/twitter-bootstrap/4.5.0/css/bootstrap.min.css]
[cdnjs.cloudflare.com/ajax/libs/jquery-cookie/1.4.1/jquery.cookie.min.js]
[cdnjs.cloudflare.com/ajax/libs/twitter-bootstrap/4.5.0/js/bootstrap.min.js]
[taurine.app/assets/js/main.js]
[taurine.app/assets/images/iphones.png]
[cdnjs.cloudflare.com/ajax/libs/jquery/3.5.1/jquery.min.js]
[taurine.app/assets/images/iphone.png]
[taurine.app/assets/images/Odyssey.png]
[taurine.app/releases/index.html]
[taurine.app/assets/images/sileo.jpg]
[taurine.app/assets/images/chimera.jpg]
[github.com/localdevice.15.delayed]
[taurine.app/index.html]
[cdnjs.cloudflare.com/ajax/libs/twitter-bootstrap/4.5.0/css/bootstrap.min.css]
[taurine.app/fonts/empire-logofont.woff2]
[taurine.app/assets/css/styles.css]
[taurine.app/releases/index.html]
[github.com/localdevice.png]
